<?xml version="1.0" encoding="UTF-8"?>
<!-- Generated by org.testng.reporters.JUnitReportReporter -->
<testsuite hostname="Ahmeds-MacBook-Pro.local" failures="0" tests="7" name="tests.AmazonSearchTest" time="8.836" errors="0" timestamp="2022-01-22T14:16:11 EST" skipped="0">
  <testcase classname="tests.AmazonSearchTest" name="objectData" time="1.123"/>
  <system-out/>
  <testcase classname="tests.AmazonSearchTest" name="objectData" time="1.158"/>
  <system-out/>
  <testcase classname="tests.AmazonSearchTest" name="objectData" time="1.182"/>
  <system-out/>
  <testcase classname="tests.AmazonSearchTest" name="objectData" time="1.129"/>
  <system-out/>
  <testcase classname="tests.AmazonSearchTest" name="objectData" time="1.198"/>
  <system-out/>
  <testcase classname="tests.AmazonSearchTest" name="objectData" time="1.902"/>
  <system-out/>
  <testcase classname="tests.AmazonSearchTest" name="objectData" time="1.144"/>
  <system-out/>
</testsuite> <!-- tests.AmazonSearchTest -->
