<?xml version="1.0" encoding="UTF-8"?>
<!-- Generated by org.testng.reporters.JUnitReportReporter -->
<testsuite hostname="Ahmeds-MacBook-Pro.local" failures="0" tests="13" name="tests.AmazonSearchWithExcel" time="64.913" errors="0" timestamp="2022-01-25T18:23:34 EST" skipped="0">
  <testcase classname="tests.AmazonSearchWithExcel" name="amazonSearchWithExcel" time="5.573"/>
  <system-out/>
  <testcase classname="tests.AmazonSearchWithExcel" name="amazonSearchWithExcel" time="5.025"/>
  <system-out/>
  <testcase classname="tests.AmazonSearchWithExcel" name="amazonSearchWithExcel" time="5.274"/>
  <system-out/>
  <testcase classname="tests.AmazonSearchWithExcel" name="amazonSearchWithExcel" time="4.749"/>
  <system-out/>
  <testcase classname="tests.AmazonSearchWithExcel" name="amazonSearchWithExcel" time="4.858"/>
  <system-out/>
  <testcase classname="tests.AmazonSearchWithExcel" name="amazonSearchWithExcel" time="5.280"/>
  <system-out/>
  <testcase classname="tests.AmazonSearchWithExcel" name="amazonSearchWithExcel" time="4.858"/>
  <system-out/>
  <testcase classname="tests.AmazonSearchWithExcel" name="amazonSearchWithExcel" time="5.397"/>
  <system-out/>
  <testcase classname="tests.AmazonSearchWithExcel" name="amazonSearchWithExcel" time="4.573"/>
  <system-out/>
  <testcase classname="tests.AmazonSearchWithExcel" name="amazonSearchWithExcel" time="4.914"/>
  <system-out/>
  <testcase classname="tests.AmazonSearchWithExcel" name="amazonSearchWithExcel" time="5.172"/>
  <system-out/>
  <testcase classname="tests.AmazonSearchWithExcel" name="amazonSearchWithExcel" time="4.729"/>
  <system-out/>
  <testcase classname="tests.AmazonSearchWithExcel" name="amazonSearchWithExcel" time="4.511"/>
  <system-out/>
</testsuite> <!-- tests.AmazonSearchWithExcel -->
